Build started 5/25/2018 8:45:30 PM.
     1>Project "c:\Users\Rosh\documents\visual studio 2010\Projects\Ass3\Ass3\Ass3.vcxproj" on node 2 (build target(s)).
     1>InitializeBuildStatus:
         Creating "Debug\Ass3.unsuccessfulbuild" because "AlwaysCreate" was specified.
       ClCompile:
         c:\Program Files (x86)\Microsoft Visual Studio 10.0\VC\bin\CL.exe /c /ZI /nologo /W3 /WX- /Od /Oy- /D WIN32 /D _DEBUG /D _CONSOLE /D _UNICODE /D UNICODE /Gm /EHsc /RTC1 /MDd /GS /fp:precise /Zc:wchar_t /Zc:forScope /Fo"Debug\\" /Fd"Debug\vc100.pdb" /Gd /TP /analyze- /errorReport:prompt p1.cpp
         p1.cpp
       ManifestResourceCompile:
         All outputs are up-to-date.
       Link:
         c:\Program Files (x86)\Microsoft Visual Studio 10.0\VC\bin\link.exe /ERRORREPORT:PROMPT /OUT:"c:\users\rosh\documents\visual studio 2010\Projects\Ass3\Debug\Ass3.exe" /INCREMENTAL /NOLOGO kernel32.lib user32.lib gdi32.lib winspool.lib comdlg32.lib advapi32.lib shell32.lib ole32.lib oleaut32.lib uuid.lib odbc32.lib odbccp32.lib /MANIFEST /ManifestFile:"Debug\Ass3.exe.intermediate.manifest" /MANIFESTUAC:"level='asInvoker' uiAccess='false'" /DEBUG /PDB:"c:\users\rosh\documents\visual studio 2010\Projects\Ass3\Debug\Ass3.pdb" /SUBSYSTEM:CONSOLE /TLBID:1 /DYNAMICBASE /NXCOMPAT /IMPLIB:"c:\users\rosh\documents\visual studio 2010\Projects\Ass3\Debug\Ass3.lib" /MACHINE:X86 Debug\Ass3.exe.embed.manifest.res
         Debug\p1.obj
       Manifest:
         C:\Program Files (x86)\Microsoft SDKs\Windows\v7.0A\bin\mt.exe /nologo /verbose /out:"Debug\Ass3.exe.embed.manifest" /manifest Debug\Ass3.exe.intermediate.manifest
         All outputs are up-to-date.
       LinkEmbedManifest:
         All outputs are up-to-date.
         Ass3.vcxproj -> c:\users\rosh\documents\visual studio 2010\Projects\Ass3\Debug\Ass3.exe
       FinalizeBuildStatus:
         Deleting file "Debug\Ass3.unsuccessfulbuild".
         Touching "Debug\Ass3.lastbuildstate".
     1>Done Building Project "c:\Users\Rosh\documents\visual studio 2010\Projects\Ass3\Ass3\Ass3.vcxproj" (build target(s)).

Build succeeded.

Time Elapsed 00:00:04.39
